app/build/intermediates/manifest_merge_blame_file/debug/processDebugMainManifest/manifest-merger-blame-debug-report.txt
1<?xml version="1.0" encoding="utf-8"?>
2<!--
3 Copyright 2016 Google Inc.
4
5Licensed under the Apache License, Version 2.0 (the "License");
6you may not use this file except in compliance with the License.
7You may obtain a copy of the License at
8
9    http://www.apache.org/licenses/LICENSE-2.0
10
11Unless required by applicable law or agreed to in writing, software
12distributed under the License is distributed on an "AS IS" BASIS,
13WITHOUT WARRANTIES OR CONDITIONS OF ANY KIND, either express or implied.
14See the License for the specific language governing permissions and
15limitations under the License.
16-->
17<manifest xmlns:android="http://schemas.android.com/apk/res/android"
18    package="com.android.example.wordlistsql"
19    android:versionCode="1"
20    android:versionName="1.0" >
21
22    <uses-sdk
23        android:minSdkVersion="29"
24        android:targetSdkVersion="34" />
25
26    <uses-permission android:name="android.permission.POST_NOTIFICATIONS" />
26-->src\main\AndroidManifest.xml:18:5-76
26-->src\main\AndroidManifest.xml:18:22-74
27
28    <application
28-->src\main\AndroidManifest.xml:19:5-40:19
29        android:allowBackup="true"
29-->src\main\AndroidManifest.xml:20:9-35
30        android:appComponentFactory="androidx.core.app.CoreComponentFactory"
30-->[androidx.core:core:1.7.0] AndroidManifest.xml:24:18-86
31        android:debuggable="true"
32        android:extractNativeLibs="false"
33        android:icon="@mipmap/ic_launcher"
33-->src\main\AndroidManifest.xml:21:9-43
34        android:label="@string/app_name"
34-->src\main\AndroidManifest.xml:22:9-41
35        android:supportsRtl="true"
35-->src\main\AndroidManifest.xml:23:9-35
36        android:testOnly="true"
37        android:theme="@style/AppTheme" >
37-->src\main\AndroidManifest.xml:24:9-40
38        <activity
38-->src\main\AndroidManifest.xml:25:9-33:20
39            android:name="com.android.example.wordlistsql.MainActivity"
39-->src\main\AndroidManifest.xml:25:19-47
40            android:exported="true" >
40-->src\main\AndroidManifest.xml:26:13-36
41            <intent-filter>
41-->src\main\AndroidManifest.xml:27:13-31:29
42                <action android:name="android.intent.action.MAIN" />
42-->src\main\AndroidManifest.xml:28:17-69
42-->src\main\AndroidManifest.xml:28:25-66
43
44                <category android:name="android.intent.category.LAUNCHER" />
44-->src\main\AndroidManifest.xml:30:17-77
44-->src\main\AndroidManifest.xml:30:27-74
45            </intent-filter>
46        </activity>
47        <activity android:name="com.android.example.wordlistsql.EditWordActivity" />
47-->src\main\AndroidManifest.xml:34:9-63
47-->src\main\AndroidManifest.xml:34:19-51
48        <activity android:name="com.android.example.wordlistsql.SearchActivity" >
48-->src\main\AndroidManifest.xml:35:9-37:20
48-->src\main\AndroidManifest.xml:36:13-74
49        </activity>
50
51        <provider
51-->[androidx.emoji2:emoji2:1.0.0] AndroidManifest.xml:26:9-34:20
52            android:name="androidx.startup.InitializationProvider"
52-->[androidx.emoji2:emoji2:1.0.0] AndroidManifest.xml:27:13-67
53            android:authorities="com.android.example.wordlistsql.androidx-startup"
53-->[androidx.emoji2:emoji2:1.0.0] AndroidManifest.xml:28:13-68
54            android:exported="false" >
54-->[androidx.emoji2:emoji2:1.0.0] AndroidManifest.xml:29:13-37
55            <meta-data
55-->[androidx.emoji2:emoji2:1.0.0] AndroidManifest.xml:31:13-33:52
56                android:name="androidx.emoji2.text.EmojiCompatInitializer"
56-->[androidx.emoji2:emoji2:1.0.0] AndroidManifest.xml:32:17-75
57                android:value="androidx.startup" />
57-->[androidx.emoji2:emoji2:1.0.0] AndroidManifest.xml:33:17-49
58            <meta-data
58-->[androidx.lifecycle:lifecycle-process:2.4.0] AndroidManifest.xml:31:13-33:52
59                android:name="androidx.lifecycle.ProcessLifecycleInitializer"
59-->[androidx.lifecycle:lifecycle-process:2.4.0] AndroidManifest.xml:32:17-78
60                android:value="androidx.startup" />
60-->[androidx.lifecycle:lifecycle-process:2.4.0] AndroidManifest.xml:33:17-49
61        </provider>
62    </application>
63
64</manifest>